<?xml version="1.0" encoding="UTF-8"?>
<testng-results ignored="0" total="0" passed="0" failed="0" skipped="0">
  <reporter-output>
  </reporter-output>
  <suite started-at="2020-08-16T14:46:16 EDT" name="Default suite" finished-at="2020-08-16T14:46:16 EDT" duration-ms="225">
    <groups>
      <group name="cucumber">
        <method signature="AbstractTestNGCucumberTests.runScenario(io.cucumber.testng.PickleWrapper, io.cucumber.testng.FeatureWrapper)[pri:0, instance:runners.SmokeParallelRunner@1e6454ec]" name="runScenario" class="io.cucumber.testng.AbstractTestNGCucumberTests"/>
      </group> <!-- cucumber -->
    </groups>
    <test started-at="2020-08-16T14:46:16 EDT" name="Default test" finished-at="2020-08-16T14:46:16 EDT" duration-ms="225">
      <class name="runners.SmokeParallelRunner">
        <test-method is-config="true" signature="setUpClass()[pri:0, instance:runners.SmokeParallelRunner@1e6454ec]" started-at="2020-08-16T14:46:16 EDT" name="setUpClass" finished-at="2020-08-16T14:46:16 EDT" duration-ms="192" status="PASS">
          <reporter-output>
          </reporter-output>
        </test-method> <!-- setUpClass -->
        <test-method is-config="true" signature="tearDownClass()[pri:0, instance:runners.SmokeParallelRunner@1e6454ec]" started-at="2020-08-16T14:46:16 EDT" name="tearDownClass" finished-at="2020-08-16T14:46:16 EDT" duration-ms="3" status="PASS">
          <reporter-output>
          </reporter-output>
        </test-method> <!-- tearDownClass -->
      </class> <!-- runners.SmokeParallelRunner -->
    </test> <!-- Default test -->
  </suite> <!-- Default suite -->
</testng-results>
